#
# There is insufficient memory for the Java Runtime Environment to continue.
# Native memory allocation (malloc) failed to allocate 1864560 bytes for Chunk::new
# Possible reasons:
#   The system is out of physical RAM or swap space
#   The process is running with CompressedOops enabled, and the Java Heap may be blocking the growth of the native heap
# Possible solutions:
#   Reduce memory load on the system
#   Increase physical memory or swap space
#   Check if swap backing store is full
#   Decrease Java heap size (-Xmx/-Xms)
#   Decrease number of Java threads
#   Decrease Java thread stack sizes (-Xss)
#   Set larger code cache with -XX:ReservedCodeCacheSize=
#   JVM is running with Unscaled Compressed Oops mode in which the Java heap is
#     placed in the first 4GB address space. The Java Heap base address is the
#     maximum limit for the native heap growth. Please use -XX:HeapBaseMinAddress
#     to set the Java Heap base and to place the Java Heap above 4GB virtual address.
# This output file may be truncated or incomplete.
#
#  Out of Memory Error (arena.cpp:168), pid=12760, tid=13500
#
# JRE version: Java(TM) SE Runtime Environment (21.0.7+8) (build 21.0.7+8-LTS-245)
# Java VM: Java HotSpot(TM) 64-Bit Server VM (21.0.7+8-LTS-245, mixed mode, sharing, tiered, compressed oops, compressed class ptrs, g1 gc, windows-amd64)
# No core dump will be written. Minidumps are not enabled by default on client versions of Windows
#

---------------  S U M M A R Y ------------

Command Line: -javaagent:C:\Program Files\JetBrains\IntelliJ IDEA Community Edition 2025.2.3\lib\idea_rt.jar=59440 -Dfile.encoding=UTF-8 -Dsun.stdout.encoding=UTF-8 -Dsun.stderr.encoding=UTF-8 --module-path=C:\Users\MINEDUCYT\Downloads\Sistema_RentaCar\target\classes;C:\Users\MINEDUCYT\.m2\repository\org\openjfx\javafx-fxml\21.0.6\javafx-fxml-21.0.6-win.jar;C:\Users\MINEDUCYT\.m2\repository\org\openjfx\javafx-graphics\21.0.6\javafx-graphics-21.0.6-win.jar;C:\Users\MINEDUCYT\.m2\repository\org\openjfx\javafx-controls\21.0.6\javafx-controls-21.0.6-win.jar;C:\Users\MINEDUCYT\.m2\repository\org\openjfx\javafx-base\21.0.6\javafx-base-21.0.6-win.jar;C:\Users\MINEDUCYT\.m2\repository\com\sun\mail\javax.mail\1.6.2\javax.mail-1.6.2.jar;C:\Users\MINEDUCYT\.m2\repository\org\mindrot\jbcrypt\0.4\jbcrypt-0.4.jar -Djdk.module.main=com.example.sistema_rentacar com.example.sistema_rentacar/com.example.sistema_rentacar.MainApplication

Host: Intel(R) Celeron(R) N4120 CPU @ 1.10GHz, 4 cores, 3G,  Windows 11 , 64 bit Build 22621 (10.0.22621.5305)
Time: Mon Nov 24 20:02:15 2025 Hora estándar, América Central elapsed time: 67.882144 seconds (0d 0h 1m 7s)

---------------  T H R E A D  ---------------

Current thread (0x00000252bfe77b50):  JavaThread "C2 CompilerThread0" daemon [_thread_in_native, id=13500, stack(0x000000e1baa00000,0x000000e1bab00000) (1024K)]


Current CompileTask:
C2:  67882 6749 %     4       com.sun.marlin.Renderer::_endRendering @ 787 (2639 bytes)

Stack: [0x000000e1baa00000,0x000000e1bab00000]
Native frames: (J=compiled Java code, j=interpreted, Vv=VM code, C=native code)
V  [jvm.dll+0x6cae19]
V  [jvm.dll+0x855741]
V  [jvm.dll+0x857c6e]
V  [jvm.dll+0x858343]
V  [jvm.dll+0x27e0b6]
V  [jvm.dll+0xc4ecd]
V  [jvm.dll+0xc5403]
V  [jvm.dll+0x3b578c]
V  [jvm.dll+0x1dfa19]
V  [jvm.dll+0x246c82]
V  [jvm.dll+0x24610f]
V  [jvm.dll+0x1c6efe]
V  [jvm.dll+0x255819]
V  [jvm.dll+0x253daa]
V  [jvm.dll+0x3eebb6]
V  [jvm.dll+0x7ffa1b]
V  [jvm.dll+0x6c94fd]
C  [ucrtbase.dll+0x29333]
C  [KERNEL32.DLL+0x1259d]
C  [ntdll.dll+0x5af78]


---------------  P R O C E S S  ---------------

Threads class SMR info:
_java_thread_list=0x000002530b37d270, length=22, elements={
0x00000252a32f5930, 0x00000252bfe6f760, 0x00000252bfe70670, 0x00000252bfe74ee0,
0x00000252bfe75930, 0x00000252bfe76380, 0x00000252bfe76dd0, 0x00000252bfe77b50,
0x00000252bfe8e5f0, 0x00000252a33b2950, 0x00000253059f9bc0, 0x00000253052cb160,
0x000002530596e030, 0x00000253059d4280, 0x0000025305a6ac50, 0x0000025305bb48b0,
0x0000025305bc0990, 0x000002530b39b740, 0x000002530b39c460, 0x000002530b39aa20,
0x000002530b39d810, 0x000002530b39bdd0
}

Java Threads: ( => current thread )
  0x00000252a32f5930 JavaThread "main"                              [_thread_blocked, id=13696, stack(0x000000e1b9c00000,0x000000e1b9d00000) (1024K)]
  0x00000252bfe6f760 JavaThread "Reference Handler"          daemon [_thread_blocked, id=10728, stack(0x000000e1ba400000,0x000000e1ba500000) (1024K)]
  0x00000252bfe70670 JavaThread "Finalizer"                  daemon [_thread_blocked, id=9540, stack(0x000000e1ba500000,0x000000e1ba600000) (1024K)]
  0x00000252bfe74ee0 JavaThread "Signal Dispatcher"          daemon [_thread_blocked, id=3284, stack(0x000000e1ba600000,0x000000e1ba700000) (1024K)]
  0x00000252bfe75930 JavaThread "Attach Listener"            daemon [_thread_blocked, id=8232, stack(0x000000e1ba700000,0x000000e1ba800000) (1024K)]
  0x00000252bfe76380 JavaThread "Service Thread"             daemon [_thread_blocked, id=12348, stack(0x000000e1ba800000,0x000000e1ba900000) (1024K)]
  0x00000252bfe76dd0 JavaThread "Monitor Deflation Thread"   daemon [_thread_blocked, id=2032, stack(0x000000e1ba900000,0x000000e1baa00000) (1024K)]
=>0x00000252bfe77b50 JavaThread "C2 CompilerThread0"         daemon [_thread_in_native, id=13500, stack(0x000000e1baa00000,0x000000e1bab00000) (1024K)]
  0x00000252bfe8e5f0 JavaThread "C1 CompilerThread0"         daemon [_thread_blocked, id=13284, stack(0x000000e1bab00000,0x000000e1bac00000) (1024K)]
  0x00000252a33b2950 JavaThread "Common-Cleaner"             daemon [_thread_blocked, id=11296, stack(0x000000e1bac00000,0x000000e1bad00000) (1024K)]
  0x00000253059f9bc0 JavaThread "Monitor Ctrl-Break"         daemon [_thread_in_native, id=10816, stack(0x000000e1bad00000,0x000000e1bae00000) (1024K)]
  0x00000253052cb160 JavaThread "Notification Thread"        daemon [_thread_blocked, id=15012, stack(0x000000e1bae00000,0x000000e1baf00000) (1024K)]
  0x000002530596e030 JavaThread "QuantumRenderer-0"          daemon [_thread_in_Java, id=3248, stack(0x000000e1bb200000,0x000000e1bb300000) (1024K)]
  0x00000253059d4280 JavaThread "InvokeLaterDispatcher"      daemon [_thread_blocked, id=2360, stack(0x000000e1bb300000,0x000000e1bb400000) (1024K)]
  0x0000025305a6ac50 JavaThread "JavaFX Application Thread"         [_thread_in_native, id=8048, stack(0x000000e1bb400000,0x000000e1bb500000) (1024K)]
  0x0000025305bb48b0 JavaThread "Thread-1"                   daemon [_thread_in_native, id=5516, stack(0x000000e1bb800000,0x000000e1bb900000) (1024K)]
  0x0000025305bc0990 JavaThread "JavaFX-Launcher"                   [_thread_blocked, id=9092, stack(0x000000e1bb900000,0x000000e1bba00000) (1024K)]
  0x000002530b39b740 JavaThread "Prism Font Disposer"        daemon [_thread_blocked, id=14712, stack(0x000000e1bbf00000,0x000000e1bc000000) (1024K)]
  0x000002530b39c460 JavaThread "AlquilerScheduler"          daemon [_thread_blocked, id=10548, stack(0x000000e1bc000000,0x000000e1bc100000) (1024K)]
  0x000002530b39aa20 JavaThread "Cleaner-0"                  daemon [_thread_blocked, id=10520, stack(0x000000e1bc100000,0x000000e1bc200000) (1024K)]
  0x000002530b39d810 JavaThread "Thread-5"                          [_thread_in_Java, id=6064, stack(0x000000e1b9a00000,0x000000e1b9b00000) (1024K)]
  0x000002530b39bdd0 JavaThread "PostgreSQL-JDBC-Cleaner"    daemon [_thread_blocked, id=15536, stack(0x000000e1bbb00000,0x000000e1bbc00000) (1024K)]
Total: 22

Other Threads:
  0x00000252bfe57d00 VMThread "VM Thread"                           [id=12852, stack(0x000000e1ba300000,0x000000e1ba400000) (1024K)]
  0x00000252bfe4da20 WatcherThread "VM Periodic Task Thread"        [id=14940, stack(0x000000e1ba200000,0x000000e1ba300000) (1024K)]
  0x00000252a332e280 WorkerThread "GC Thread#0"                     [id=12284, stack(0x000000e1b9d00000,0x000000e1b9e00000) (1024K)]
  0x00000253055a7910 WorkerThread "GC Thread#1"                     [id=13872, stack(0x000000e1baf00000,0x000000e1bb000000) (1024K)]
  0x000002530570e310 WorkerThread "GC Thread#2"                     [id=12680, stack(0x000000e1bb000000,0x000000e1bb100000) (1024K)]
  0x0000025305942030 WorkerThread "GC Thread#3"                     [id=5184, stack(0x000000e1bb100000,0x000000e1bb200000) (1024K)]
  0x00000252a3345070 ConcurrentGCThread "G1 Main Marker"            [id=12312, stack(0x000000e1b9e00000,0x000000e1b9f00000) (1024K)]
  0x00000252a3347320 WorkerThread "G1 Conc#0"                       [id=12676, stack(0x000000e1b9f00000,0x000000e1ba000000) (1024K)]
  0x00000252a33a19d0 ConcurrentGCThread "G1 Refine#0"               [id=8292, stack(0x000000e1ba000000,0x000000e1ba100000) (1024K)]
  0x00000252a33a2540 ConcurrentGCThread "G1 Service"                [id=2904, stack(0x000000e1ba100000,0x000000e1ba200000) (1024K)]
Total: 10

Threads with active compile tasks:
C2 CompilerThread0    67955 6749 %     4       com.sun.marlin.Renderer::_endRendering @ 787 (2639 bytes)
Total: 1

VM state: not at safepoint (normal execution)

VM Mutex/Monitor currently owned by a thread: None

Heap address: 0x00000000c2c00000, size: 980 MB, Compressed Oops mode: 32-bit

CDS archive(s) mapped at: [0x00000252c0000000-0x00000252c0c90000-0x00000252c0c90000), size 13172736, SharedBaseAddress: 0x00000252c0000000, ArchiveRelocationMode: 1.
Compressed class space mapped at: 0x00000252c1000000-0x0000025301000000, reserved size: 1073741824
Narrow klass base: 0x00000252c0000000, Narrow klass shift: 0, Narrow klass range: 0x100000000

GC Precious Log:
 CardTable entry size: 512
 Card Set container configuration: InlinePtr #cards 5 size 8 Array Of Cards #cards 12 size 40 Howl #buckets 4 coarsen threshold 1843 Howl Bitmap #cards 512 size 80 coarsen threshold 460 Card regions per heap region 1 cards per card region 2048
 CPUs: 4 total, 4 available
 Memory: 3916M
 Large Page Support: Disabled
 NUMA Support: Disabled
 Compressed Oops: Enabled (32-bit)
 Heap Region Size: 1M
 Heap Min Capacity: 8M
 Heap Initial Capacity: 62M
 Heap Max Capacity: 980M
 Pre-touch: Disabled
 Parallel Workers: 4
 Concurrent Workers: 1
 Concurrent Refinement Workers: 4
 Periodic GC: Disabled

Heap:
 garbage-first heap   total 63488K, used 34247K [0x00000000c2c00000, 0x0000000100000000)
  region size 1024K, 17 young (17408K), 5 survivors (5120K)
 Metaspace       used 26604K, committed 27008K, reserved 1114112K
  class space    used 3457K, committed 3648K, reserved 1048576K

Heap Regions: E=young(eden), S=young(survivor), O=old, HS=humongous(starts), HC=humongous(continues), CS=collection set, F=free, TAMS=top-at-mark-start, PB=parsable bottom
|   0|0x00000000c2c00000, 0x00000000c2d00000, 0x00000000c2d00000|100%| O|  |TAMS 0x00000000c2c00000| PB 0x00000000c2c00000| Untracked 
|   1|0x00000000c2d00000, 0x00000000c2e00000, 0x00000000c2e00000|100%| O|  |TAMS 0x00000000c2d00000| PB 0x00000000c2d00000| Untracked 
|   2|0x00000000c2e00000, 0x00000000c2f00000, 0x00000000c2f00000|100%| O|  |TAMS 0x00000000c2e00000| PB 0x00000000c2e00000| Untracked 
|   3|0x00000000c2f00000, 0x00000000c3000000, 0x00000000c3000000|100%|HS|  |TAMS 0x00000000c2f00000| PB 0x00000000c2f00000| Complete 
|   4|0x00000000c3000000, 0x00000000c3100000, 0x00000000c3100000|100%|HS|  |TAMS 0x00000000c3000000| PB 0x00000000c3000000| Complete 
|   5|0x00000000c3100000, 0x00000000c3200000, 0x00000000c3200000|100%| O|  |TAMS 0x00000000c3100000| PB 0x00000000c3100000| Untracked 
|   6|0x00000000c3200000, 0x00000000c3300000, 0x00000000c3300000|100%| O|  |TAMS 0x00000000c3200000| PB 0x00000000c3200000| Untracked 
|   7|0x00000000c3300000, 0x00000000c3400000, 0x00000000c3400000|100%| O|  |TAMS 0x00000000c3300000| PB 0x00000000c3300000| Untracked 
|   8|0x00000000c3400000, 0x00000000c3400000, 0x00000000c3500000|  0%| F|  |TAMS 0x00000000c3400000| PB 0x00000000c3400000| Untracked 
|   9|0x00000000c3500000, 0x00000000c3600000, 0x00000000c3600000|100%| O|  |TAMS 0x00000000c3500000| PB 0x00000000c3500000| Untracked 
|  10|0x00000000c3600000, 0x00000000c3700000, 0x00000000c3700000|100%| O|  |TAMS 0x00000000c3600000| PB 0x00000000c3600000| Untracked 
|  11|0x00000000c3700000, 0x00000000c37f2948, 0x00000000c3800000| 94%| O|Cm|TAMS 0x00000000c3700000| PB 0x00000000c3700000| Complete 
|  12|0x00000000c3800000, 0x00000000c3900000, 0x00000000c3900000|100%|HS|  |TAMS 0x00000000c3800000| PB 0x00000000c3800000| Complete 
|  13|0x00000000c3900000, 0x00000000c3a00000, 0x00000000c3a00000|100%|HC|  |TAMS 0x00000000c3900000| PB 0x00000000c3900000| Complete 
|  14|0x00000000c3a00000, 0x00000000c3a00000, 0x00000000c3b00000|  0%| F|  |TAMS 0x00000000c3a00000| PB 0x00000000c3a00000| Untracked 
|  15|0x00000000c3b00000, 0x00000000c3c00000, 0x00000000c3c00000|100%|HS|  |TAMS 0x00000000c3b00000| PB 0x00000000c3b00000| Complete 
|  16|0x00000000c3c00000, 0x00000000c3d00000, 0x00000000c3d00000|100%| O|  |TAMS 0x00000000c3c00000| PB 0x00000000c3c00000| Untracked 
|  17|0x00000000c3d00000, 0x00000000c3e00000, 0x00000000c3e00000|100%| O|  |TAMS 0x00000000c3d00000| PB 0x00000000c3d00000| Untracked 
|  18|0x00000000c3e00000, 0x00000000c3f00000, 0x00000000c3f00000|100%| S|CS|TAMS 0x00000000c3e00000| PB 0x00000000c3e00000| Complete 
|  19|0x00000000c3f00000, 0x00000000c4000000, 0x00000000c4000000|100%| S|CS|TAMS 0x00000000c3f00000| PB 0x00000000c3f00000| Complete 
|  20|0x00000000c4000000, 0x00000000c4100000, 0x00000000c4100000|100%| S|CS|TAMS 0x00000000c4000000| PB 0x00000000c4000000| Complete 
|  21|0x00000000c4100000, 0x00000000c4200000, 0x00000000c4200000|100%| S|CS|TAMS 0x00000000c4100000| PB 0x00000000c4100000| Complete 
|  22|0x00000000c4200000, 0x00000000c4300000, 0x00000000c4300000|100%| S|CS|TAMS 0x00000000c4200000| PB 0x00000000c4200000| Complete 
|  23|0x00000000c4300000, 0x00000000c4300000, 0x00000000c4400000|  0%| F|  |TAMS 0x00000000c4300000| PB 0x00000000c4300000| Untracked 
|  24|0x00000000c4400000, 0x00000000c4400000, 0x00000000c4500000|  0%| F|  |TAMS 0x00000000c4400000| PB 0x00000000c4400000| Untracked 
|  25|0x00000000c4500000, 0x00000000c4500000, 0x00000000c4600000|  0%| F|  |TAMS 0x00000000c4500000| PB 0x00000000c4500000| Untracked 
|  26|0x00000000c4600000, 0x00000000c4600000, 0x00000000c4700000|  0%| F|  |TAMS 0x00000000c4600000| PB 0x00000000c4600000| Untracked 
|  27|0x00000000c4700000, 0x00000000c4700000, 0x00000000c4800000|  0%| F|  |TAMS 0x00000000c4700000| PB 0x00000000c4700000| Untracked 
|  28|0x00000000c4800000, 0x00000000c4800000, 0x00000000c4900000|  0%| F|  |TAMS 0x00000000c4800000| PB 0x00000000c4800000| Untracked 
|  29|0x00000000c4900000, 0x00000000c4900000, 0x00000000c4a00000|  0%| F|  |TAMS 0x00000000c4900000| PB 0x00000000c4900000| Untracked 
|  30|0x00000000c4a00000, 0x00000000c4a00000, 0x00000000c4b00000|  0%| F|  |TAMS 0x00000000c4a00000| PB 0x00000000c4a00000| Untracked 
|  31|0x00000000c4b00000, 0x00000000c4b00000, 0x00000000c4c00000|  0%| F|  |TAMS 0x00000000c4b00000| PB 0x00000000c4b00000| Untracked 
|  32|0x00000000c4c00000, 0x00000000c4c00000, 0x00000000c4d00000|  0%| F|  |TAMS 0x00000000c4c00000| PB 0x00000000c4c00000| Untracked 
|  33|0x00000000c4d00000, 0x00000000c4d00000, 0x00000000c4e00000|  0%| F|  |TAMS 0x00000000c4d00000| PB 0x00000000c4d00000| Untracked 
|  34|0x00000000c4e00000, 0x00000000c4e00000, 0x00000000c4f00000|  0%| F|  |TAMS 0x00000000c4e00000| PB 0x00000000c4e00000| Untracked 
|  35|0x00000000c4f00000, 0x00000000c4f00000, 0x00000000c5000000|  0%| F|  |TAMS 0x00000000c4f00000| PB 0x00000000c4f00000| Untracked 
|  36|0x00000000c5000000, 0x00000000c5000000, 0x00000000c5100000|  0%| F|  |TAMS 0x00000000c5000000| PB 0x00000000c5000000| Untracked 
|  37|0x00000000c5100000, 0x00000000c5100000, 0x00000000c5200000|  0%| F|  |TAMS 0x00000000c5100000| PB 0x00000000c5100000| Untracked 
|  38|0x00000000c5200000, 0x00000000c5200000, 0x00000000c5300000|  0%| F|  |TAMS 0x00000000c5200000| PB 0x00000000c5200000| Untracked 
|  39|0x00000000c5300000, 0x00000000c5300000, 0x00000000c5400000|  0%| F|  |TAMS 0x00000000c5300000| PB 0x00000000c5300000| Untracked 
|  40|0x00000000c5400000, 0x00000000c5400000, 0x00000000c5500000|  0%| F|  |TAMS 0x00000000c5400000| PB 0x00000000c5400000| Untracked 
|  41|0x00000000c5500000, 0x00000000c5500000, 0x00000000c5600000|  0%| F|  |TAMS 0x00000000c5500000| PB 0x00000000c5500000| Untracked 
|  42|0x00000000c5600000, 0x00000000c5600000, 0x00000000c5700000|  0%| F|  |TAMS 0x00000000c5600000| PB 0x00000000c5600000| Untracked 
|  43|0x00000000c5700000, 0x00000000c5700000, 0x00000000c5800000|  0%| F|  |TAMS 0x00000000c5700000| PB 0x00000000c5700000| Untracked 
|  44|0x00000000c5800000, 0x00000000c5800000, 0x00000000c5900000|  0%| F|  |TAMS 0x00000000c5800000| PB 0x00000000c5800000| Untracked 
|  45|0x00000000c5900000, 0x00000000c5900000, 0x00000000c5a00000|  0%| F|  |TAMS 0x00000000c5900000| PB 0x00000000c5900000| Untracked 
|  46|0x00000000c5a00000, 0x00000000c5a00000, 0x00000000c5b00000|  0%| F|  |TAMS 0x00000000c5a00000| PB 0x00000000c5a00000| Untracked 
|  47|0x00000000c5b00000, 0x00000000c5b00000, 0x00000000c5c00000|  0%| F|  |TAMS 0x00000000c5b00000| PB 0x00000000c5b00000| Untracked 
|  48|0x00000000c5c00000, 0x00000000c5c23758, 0x00000000c5d00000| 13%| E|  |TAMS 0x00000000c5c00000| PB 0x00000000c5c00000| Complete 
|  49|0x00000000c5d00000, 0x00000000c5e00000, 0x00000000c5e00000|100%| E|CS|TAMS 0x00000000c5d00000| PB 0x00000000c5d00000| Complete 
|  50|0x00000000c5e00000, 0x00000000c5f00000, 0x00000000c5f00000|100%| E|CS|TAMS 0x00000000c5e00000| PB 0x00000000c5e00000| Complete 
|  51|0x00000000c5f00000, 0x00000000c6000000, 0x00000000c6000000|100%| E|CS|TAMS 0x00000000c5f00000| PB 0x00000000c5f00000| Complete 
|  52|0x00000000c6000000, 0x00000000c6100000, 0x00000000c6100000|100%| E|CS|TAMS 0x00000000c6000000| PB 0x00000000c6000000| Complete 
|  53|0x00000000c6100000, 0x00000000c6200000, 0x00000000c6200000|100%| E|CS|TAMS 0x00000000c6100000| PB 0x00000000c6100000| Complete 
|  54|0x00000000c6200000, 0x00000000c6300000, 0x00000000c6300000|100%| E|CS|TAMS 0x00000000c6200000| PB 0x00000000c6200000| Complete 
|  55|0x00000000c6300000, 0x00000000c6400000, 0x00000000c6400000|100%| E|CS|TAMS 0x00000000c6300000| PB 0x00000000c6300000| Complete 
|  56|0x00000000c6400000, 0x00000000c6500000, 0x00000000c6500000|100%| E|CS|TAMS 0x00000000c6400000| PB 0x00000000c6400000| Complete 
|  57|0x00000000c6500000, 0x00000000c6600000, 0x00000000c6600000|100%| E|CS|TAMS 0x00000000c6500000| PB 0x00000000c6500000| Complete 
|  58|0x00000000c6600000, 0x00000000c6700000, 0x00000000c6700000|100%| E|CS|TAMS 0x00000000c6600000| PB 0x00000000c6600000| Complete 
|  61|0x00000000c6900000, 0x00000000c6a00000, 0x00000000c6a00000|100%| E|CS|TAMS 0x00000000c6900000| PB 0x00000000c6900000| Complete 
| 978|0x00000000ffe00000, 0x00000000ffe7f340, 0x00000000fff00000| 49%| O|  |TAMS 0x00000000ffe00000| PB 0x00000000ffe00000| Untracked 
| 979|0x00000000fff00000, 0x0000000100000000, 0x0000000100000000|100%| O|  |TAMS 0x00000000fff00000| PB 0x00000000fff00000| Untracked 

Card table byte_map: [0x00000252bc780000,0x00000252bc970000] _byte_map_base: 0x00000252bc16a000

Marking Bits: (CMBitMap*) 0x00000252a332e980
 Bits: [0x00000252bc970000, 0x00000252bd8c0000)

Polling page: 0x00000252acf40000

Metaspace:

Usage:
  Non-class:     22.60 MB used.
      Class:      3.38 MB used.
       Both:     25.98 MB used.

Virtual space:
  Non-class space:       64.00 MB reserved,      22.81 MB ( 36%) committed,  1 nodes.
      Class space:        1.00 GB reserved,       3.56 MB ( <1%) committed,  1 nodes.
             Both:        1.06 GB reserved,      26.38 MB (  2%) committed. 

Chunk freelists:
   Non-Class:  8.59 MB
       Class:  12.32 MB
        Both:  20.91 MB

MaxMetaspaceSize: unlimited
CompressedClassSpaceSize: 1.00 GB
Initial GC threshold: 21.00 MB
Current GC threshold: 35.25 MB
CDS: on
 - commit_granule_bytes: 65536.
 - commit_granule_words: 8192.
 - virtual_space_node_default_size: 8388608.
 - enlarge_chunks_in_place: 1.
 - use_allocation_guard: 0.


Internal statistics:

num_allocs_failed_limit: 3.
num_arena_births: 520.
num_arena_deaths: 0.
num_vsnodes_births: 2.
num_vsnodes_deaths: 0.
num_space_committed: 422.
num_space_uncommitted: 0.
num_chunks_returned_to_freelist: 3.
num_chunks_taken_from_freelist: 1329.
num_chunk_merges: 3.
num_chunk_splits: 890.
num_chunks_enlarged: 626.
num_inconsistent_stats: 0.

CodeHeap 'non-profiled nmethods': size=120000Kb used=4231Kb max_used=4231Kb free=115768Kb
 bounds [0x00000252b4a30000, 0x00000252b4e60000, 0x00000252bbf60000]
CodeHeap 'profiled nmethods': size=120000Kb used=15357Kb max_used=15357Kb free=104642Kb
 bounds [0x00000252acf60000, 0x00000252ade60000, 0x00000252b4490000]
CodeHeap 'non-nmethods': size=5760Kb used=1931Kb max_used=1966Kb free=3828Kb
 bounds [0x00000252b4490000, 0x00000252b4700000, 0x00000252b4a30000]
 total_blobs=7688 nmethods=6780 adapters=813
 compilation: enabled
              stopped_count=0, restarted_count=0
 full_count=0

Compilation events (20 events):
Event: 67.609 Thread 0x00000252bfe8e5f0 6776       3       java.lang.String::getBytes (25 bytes)
Event: 67.610 Thread 0x00000252bfe8e5f0 nmethod 6776 0x00000252ade4ab90 code [0x00000252ade4ad60, 0x00000252ade4b038]
Event: 67.610 Thread 0x00000252bfe8e5f0 6777       3       org.postgresql.core.PGStream::receiveCanonicalStringIfPresent (45 bytes)
Event: 67.610 Thread 0x00000252bfe8e5f0 nmethod 6777 0x00000252ade4b190 code [0x00000252ade4b380, 0x00000252ade4b618]
Event: 67.610 Thread 0x00000252bfe8e5f0 6778       3       org.postgresql.core.Encoding::decodeCanonicalizedIfPresent (35 bytes)
Event: 67.611 Thread 0x00000252bfe8e5f0 nmethod 6778 0x00000252ade4b790 code [0x00000252ade4b960, 0x00000252ade4bbd0]
Event: 67.611 Thread 0x00000252bfe8e5f0 6779   !   3       org.postgresql.jdbc.TypeInfoCache::addCoreType (368 bytes)
Event: 67.614 Thread 0x00000252bfe8e5f0 nmethod 6779 0x00000252ade4bc90 code [0x00000252ade4c1e0, 0x00000252ade4eef0]
Event: 67.621 Thread 0x00000252bfe8e5f0 6780       3       com.sun.javafx.geom.Rectangle::grow (335 bytes)
Event: 67.622 Thread 0x00000252bfe8e5f0 nmethod 6780 0x00000252ade50290 code [0x00000252ade50460, 0x00000252ade50b50]
Event: 67.635 Thread 0x00000252bfe8e5f0 6781       3       com.sun.javafx.geom.Path2D::closePath (72 bytes)
Event: 67.636 Thread 0x00000252bfe8e5f0 nmethod 6781 0x00000252ade50c90 code [0x00000252ade50e40, 0x00000252ade510a8]
Event: 67.658 Thread 0x00000252bfe8e5f0 6782       3       org.postgresql.util.internal.Nullness::castNonNull (22 bytes)
Event: 67.659 Thread 0x00000252bfe8e5f0 nmethod 6782 0x00000252ade51210 code [0x00000252ade513a0, 0x00000252ade514a0]
Event: 67.705 Thread 0x00000252bfe8e5f0 6783       3       com.sun.javafx.sg.prism.NGRegion::setBorderStyle (237 bytes)
Event: 67.707 Thread 0x00000252bfe8e5f0 nmethod 6783 0x00000252ade51510 code [0x00000252ade51820, 0x00000252ade52e30]
Event: 67.707 Thread 0x00000252bfe8e5f0 6784       3       com.sun.javafx.sg.prism.NGRegion::createStroke (545 bytes)
Event: 67.709 Thread 0x00000252bfe8e5f0 nmethod 6784 0x00000252ade53490 code [0x00000252ade537e0, 0x00000252ade54db0]
Event: 67.714 Thread 0x00000252bfe8e5f0 6786       3       java.io.FileDescriptor::valid (25 bytes)
Event: 67.714 Thread 0x00000252bfe8e5f0 nmethod 6786 0x00000252ade55510 code [0x00000252ade556c0, 0x00000252ade55868]

GC Heap History (14 events):
Event: 1.601 GC heap before
{Heap before GC invocations=0 (full 0):
 garbage-first heap   total 63488K, used 12288K [0x00000000c2c00000, 0x0000000100000000)
  region size 1024K, 13 young (13312K), 0 survivors (0K)
 Metaspace       used 2478K, committed 2688K, reserved 1114112K
  class space    used 254K, committed 320K, reserved 1048576K
}
Event: 1.608 GC heap after
{Heap after GC invocations=1 (full 0):
 garbage-first heap   total 63488K, used 2000K [0x00000000c2c00000, 0x0000000100000000)
  region size 1024K, 2 young (2048K), 2 survivors (2048K)
 Metaspace       used 2478K, committed 2688K, reserved 1114112K
  class space    used 254K, committed 320K, reserved 1048576K
}
Event: 3.373 GC heap before
{Heap before GC invocations=1 (full 0):
 garbage-first heap   total 63488K, used 22480K [0x00000000c2c00000, 0x0000000100000000)
  region size 1024K, 23 young (23552K), 2 survivors (2048K)
 Metaspace       used 8924K, committed 9152K, reserved 1114112K
  class space    used 1058K, committed 1152K, reserved 1048576K
}
Event: 3.382 GC heap after
{Heap after GC invocations=2 (full 0):
 garbage-first heap   total 63488K, used 5188K [0x00000000c2c00000, 0x0000000100000000)
  region size 1024K, 3 young (3072K), 3 survivors (3072K)
 Metaspace       used 8924K, committed 9152K, reserved 1114112K
  class space    used 1058K, committed 1152K, reserved 1048576K
}
Event: 5.354 GC heap before
{Heap before GC invocations=2 (full 0):
 garbage-first heap   total 63488K, used 41028K [0x00000000c2c00000, 0x0000000100000000)
  region size 1024K, 37 young (37888K), 3 survivors (3072K)
 Metaspace       used 15902K, committed 16192K, reserved 1114112K
  class space    used 2154K, committed 2304K, reserved 1048576K
}
Event: 5.366 GC heap after
{Heap after GC invocations=3 (full 0):
 garbage-first heap   total 63488K, used 11025K [0x00000000c2c00000, 0x0000000100000000)
  region size 1024K, 4 young (4096K), 4 survivors (4096K)
 Metaspace       used 15902K, committed 16192K, reserved 1114112K
  class space    used 2154K, committed 2304K, reserved 1048576K
}
Event: 18.431 GC heap before
{Heap before GC invocations=3 (full 0):
 garbage-first heap   total 63488K, used 44817K [0x00000000c2c00000, 0x0000000100000000)
  region size 1024K, 37 young (37888K), 4 survivors (4096K)
 Metaspace       used 19145K, committed 19584K, reserved 1114112K
  class space    used 2407K, committed 2624K, reserved 1048576K
}
Event: 18.440 GC heap after
{Heap after GC invocations=4 (full 0):
 garbage-first heap   total 63488K, used 12579K [0x00000000c2c00000, 0x0000000100000000)
  region size 1024K, 2 young (2048K), 2 survivors (2048K)
 Metaspace       used 19145K, committed 19584K, reserved 1114112K
  class space    used 2407K, committed 2624K, reserved 1048576K
}
Event: 36.415 GC heap before
{Heap before GC invocations=4 (full 0):
 garbage-first heap   total 63488K, used 48419K [0x00000000c2c00000, 0x0000000100000000)
  region size 1024K, 37 young (37888K), 2 survivors (2048K)
 Metaspace       used 19191K, committed 19648K, reserved 1114112K
  class space    used 2407K, committed 2624K, reserved 1048576K
}
Event: 36.418 GC heap after
{Heap after GC invocations=5 (full 0):
 garbage-first heap   total 63488K, used 12575K [0x00000000c2c00000, 0x0000000100000000)
  region size 1024K, 2 young (2048K), 2 survivors (2048K)
 Metaspace       used 19191K, committed 19648K, reserved 1114112K
  class space    used 2407K, committed 2624K, reserved 1048576K
}
Event: 37.860 GC heap before
{Heap before GC invocations=5 (full 0):
 garbage-first heap   total 63488K, used 29983K [0x00000000c2c00000, 0x0000000100000000)
  region size 1024K, 18 young (18432K), 2 survivors (2048K)
 Metaspace       used 21100K, committed 21504K, reserved 1114112K
  class space    used 2694K, committed 2880K, reserved 1048576K
}
Event: 37.865 GC heap after
{Heap after GC invocations=6 (full 0):
 garbage-first heap   total 63488K, used 16986K [0x00000000c2c00000, 0x0000000100000000)
  region size 1024K, 4 young (4096K), 4 survivors (4096K)
 Metaspace       used 21100K, committed 21504K, reserved 1114112K
  class space    used 2694K, committed 2880K, reserved 1048576K
}
Event: 52.009 GC heap before
{Heap before GC invocations=7 (full 0):
 garbage-first heap   total 61440K, used 52826K [0x00000000c2c00000, 0x0000000100000000)
  region size 1024K, 37 young (37888K), 4 survivors (4096K)
 Metaspace       used 25490K, committed 25920K, reserved 1114112K
  class space    used 3171K, committed 3392K, reserved 1048576K
}
Event: 52.022 GC heap after
{Heap after GC invocations=8 (full 0):
 garbage-first heap   total 63488K, used 22983K [0x00000000c2c00000, 0x0000000100000000)
  region size 1024K, 5 young (5120K), 5 survivors (5120K)
 Metaspace       used 25490K, committed 25920K, reserved 1114112K
  class space    used 3171K, committed 3392K, reserved 1048576K
}

Dll operation events (20 events):
Event: 1.677 Loaded shared library C:\Users\MINEDUCYT\.openjfx\cache\21.0.6+3\amd64\api-ms-win-crt-runtime-l1-1-0.dll
Event: 1.687 Loaded shared library C:\Users\MINEDUCYT\.openjfx\cache\21.0.6+3\amd64\api-ms-win-crt-stdio-l1-1-0.dll
Event: 1.697 Loaded shared library C:\Users\MINEDUCYT\.openjfx\cache\21.0.6+3\amd64\api-ms-win-crt-string-l1-1-0.dll
Event: 1.705 Loaded shared library C:\Users\MINEDUCYT\.openjfx\cache\21.0.6+3\amd64\api-ms-win-crt-time-l1-1-0.dll
Event: 1.713 Loaded shared library C:\Users\MINEDUCYT\.openjfx\cache\21.0.6+3\amd64\api-ms-win-crt-utility-l1-1-0.dll
Event: 1.744 Loaded shared library C:\Users\MINEDUCYT\.openjfx\cache\21.0.6+3\amd64\ucrtbase.dll
Event: 1.754 Loaded shared library C:\Users\MINEDUCYT\.openjfx\cache\21.0.6+3\amd64\vcruntime140.dll
Event: 1.763 Loaded shared library C:\Users\MINEDUCYT\.openjfx\cache\21.0.6+3\amd64\vcruntime140_1.dll
Event: 1.783 Loaded shared library C:\Users\MINEDUCYT\.openjfx\cache\21.0.6+3\amd64\msvcp140.dll
Event: 1.792 Loaded shared library C:\Users\MINEDUCYT\.openjfx\cache\21.0.6+3\amd64\msvcp140_1.dll
Event: 1.805 Loaded shared library C:\Users\MINEDUCYT\.openjfx\cache\21.0.6+3\amd64\msvcp140_2.dll
Event: 1.894 Loaded shared library C:\Users\MINEDUCYT\.openjfx\cache\21.0.6+3\amd64\prism_d3d.dll
Event: 2.069 Loaded shared library C:\Users\MINEDUCYT\.openjfx\cache\21.0.6+3\amd64\glass.dll
Event: 2.333 Loaded shared library C:\Program Files\Java\jdk-21\bin\jimage.dll
Event: 2.546 Loaded shared library C:\Program Files\Java\jdk-21\bin\management.dll
Event: 2.551 Loaded shared library C:\Program Files\Java\jdk-21\bin\management_ext.dll
Event: 3.904 Loaded shared library C:\Users\MINEDUCYT\.openjfx\cache\21.0.6+3\amd64\javafx_font.dll
Event: 37.966 Loaded shared library C:\Users\MINEDUCYT\.openjfx\cache\21.0.6+3\amd64\javafx_iio.dll
Event: 39.753 Loaded shared library C:\Program Files\Java\jdk-21\bin\sunmscapi.dll
Event: 67.730 Loaded shared library C:\Program Files\Java\jdk-21\bin\verify.dll

Deoptimization events (20 events):
Event: 67.284 Thread 0x0000025305a6ac50 Uncommon trap: trap_request=0xffffffde fr.pc=0x00000252b4e45b1c relative=0x0000000000000afc
Event: 67.284 Thread 0x0000025305a6ac50 Uncommon trap: reason=class_check action=maybe_recompile pc=0x00000252b4e45b1c method=javafx.scene.Node.getTransformedBounds(Lcom/sun/javafx/geom/BaseBounds;Lcom/sun/javafx/geom/transform/BaseTransform;)Lcom/sun/javafx/geom/BaseBounds; @ 5 c2
Event: 67.284 Thread 0x0000025305a6ac50 DEOPT PACKING pc=0x00000252b4e45b1c sp=0x000000e1bb4fded0
Event: 67.284 Thread 0x0000025305a6ac50 DEOPT UNPACKING pc=0x00000252b44e469c sp=0x000000e1bb4fde10 mode 2
Event: 67.284 Thread 0x0000025305a6ac50 Uncommon trap: trap_request=0xffffffde fr.pc=0x00000252b4e45b1c relative=0x0000000000000afc
Event: 67.284 Thread 0x0000025305a6ac50 Uncommon trap: reason=class_check action=maybe_recompile pc=0x00000252b4e45b1c method=javafx.scene.Node.getTransformedBounds(Lcom/sun/javafx/geom/BaseBounds;Lcom/sun/javafx/geom/transform/BaseTransform;)Lcom/sun/javafx/geom/BaseBounds; @ 5 c2
Event: 67.284 Thread 0x0000025305a6ac50 DEOPT PACKING pc=0x00000252b4e45b1c sp=0x000000e1bb4fded0
Event: 67.284 Thread 0x0000025305a6ac50 DEOPT UNPACKING pc=0x00000252b44e469c sp=0x000000e1bb4fde10 mode 2
Event: 67.284 Thread 0x0000025305a6ac50 Uncommon trap: trap_request=0xffffffde fr.pc=0x00000252b4e45b1c relative=0x0000000000000afc
Event: 67.284 Thread 0x0000025305a6ac50 Uncommon trap: reason=class_check action=maybe_recompile pc=0x00000252b4e45b1c method=javafx.scene.Node.getTransformedBounds(Lcom/sun/javafx/geom/BaseBounds;Lcom/sun/javafx/geom/transform/BaseTransform;)Lcom/sun/javafx/geom/BaseBounds; @ 5 c2
Event: 67.284 Thread 0x0000025305a6ac50 DEOPT PACKING pc=0x00000252b4e45b1c sp=0x000000e1bb4fded0
Event: 67.284 Thread 0x0000025305a6ac50 DEOPT UNPACKING pc=0x00000252b44e469c sp=0x000000e1bb4fde10 mode 2
Event: 67.468 Thread 0x0000025305a6ac50 Uncommon trap: trap_request=0xffffff45 fr.pc=0x00000252b4e366d8 relative=0x0000000000000138
Event: 67.468 Thread 0x0000025305a6ac50 Uncommon trap: reason=unstable_if action=reinterpret pc=0x00000252b4e366d8 method=java.util.concurrent.locks.ReentrantLock$NonfairSync.tryAcquire(I)Z @ 4 c2
Event: 67.468 Thread 0x0000025305a6ac50 DEOPT PACKING pc=0x00000252b4e366d8 sp=0x000000e1bb4fe3d0
Event: 67.468 Thread 0x0000025305a6ac50 DEOPT UNPACKING pc=0x00000252b44e469c sp=0x000000e1bb4fe370 mode 2
Event: 67.475 Thread 0x000002530596e030 DEOPT PACKING pc=0x00000252adde35aa sp=0x000000e1bb2fbfb0
Event: 67.475 Thread 0x000002530596e030 DEOPT UNPACKING pc=0x00000252b44e4e23 sp=0x000000e1bb2fb450 mode 0
Event: 67.636 Thread 0x000002530596e030 DEOPT PACKING pc=0x00000252adde35aa sp=0x000000e1bb2fca10
Event: 67.636 Thread 0x000002530596e030 DEOPT UNPACKING pc=0x00000252b44e4e23 sp=0x000000e1bb2fbeb0 mode 0

Classes loaded (20 events):
Event: 39.787 Loading class sun/security/rsa/PSSParameters
Event: 39.788 Loading class sun/security/rsa/PSSParameters done
Event: 39.788 Loading class sun/security/provider/DSA$SHA256withDSA
Event: 39.788 Loading class sun/security/provider/DSA
Event: 39.789 Loading class sun/security/provider/DSA done
Event: 39.789 Loading class sun/security/provider/DSA$SHA256withDSA done
Event: 39.789 Loading class sun/security/rsa/RSASignature$SHA224withRSA
Event: 39.790 Loading class sun/security/rsa/RSASignature
Event: 39.790 Loading class sun/security/rsa/RSASignature done
Event: 39.790 Loading class sun/security/rsa/RSASignature$SHA224withRSA done
Event: 39.791 Loading class sun/security/provider/DSA$SHA224withDSA
Event: 39.791 Loading class sun/security/provider/DSA$SHA224withDSA done
Event: 39.792 Loading class sun/security/ssl/SessionId
Event: 39.792 Loading class sun/security/ssl/SessionId done
Event: 39.792 Loading class sun/security/ssl/DTLSInputRecord
Event: 39.793 Loading class sun/security/ssl/DTLSRecord
Event: 39.793 Loading class sun/security/ssl/DTLSRecord done
Event: 39.793 Loading class sun/security/ssl/DTLSInputRecord done
Event: 52.197 Loading class java/lang/FdLibm$Atan
Event: 52.197 Loading class java/lang/FdLibm$Atan done

Classes unloaded (0 events):
No events

Classes redefined (0 events):
No events

Internal exceptions (20 events):
Event: 37.521 Thread 0x0000025305a6ac50 Implicit null exception at 0x00000252b4b66eb4 to 0x00000252b4b67a08
Event: 37.521 Thread 0x0000025305a6ac50 Implicit null exception at 0x00000252b4b8fc2a to 0x00000252b4b93084
Event: 37.521 Thread 0x0000025305a6ac50 Implicit null exception at 0x00000252b4c50464 to 0x00000252b4c52044
Event: 37.522 Thread 0x0000025305a6ac50 Implicit null exception at 0x00000252b4b8e2e1 to 0x00000252b4b8e35c
Event: 37.522 Thread 0x0000025305a6ac50 Implicit null exception at 0x00000252b4c54e39 to 0x00000252b4c554ac
Event: 37.523 Thread 0x0000025305a6ac50 Implicit null exception at 0x00000252b4b69247 to 0x00000252b4b69314
Event: 37.595 Thread 0x000002530596e030 Implicit null exception at 0x00000252b4c24d48 to 0x00000252b4c26100
Event: 37.608 Thread 0x000002530596e030 Implicit null exception at 0x00000252b4d2d2b9 to 0x00000252b4d2e810
Event: 37.626 Thread 0x000002530596e030 Implicit null exception at 0x00000252b4c4b925 to 0x00000252b4c4bff4
Event: 37.635 Thread 0x000002530596e030 Implicit null exception at 0x00000252b4cf792e to 0x00000252b4cf891c
Event: 37.729 Thread 0x0000025305a6ac50 Exception <a 'java/lang/NoSuchMethodError'{0x00000000c5ed57a8}: 'void java.lang.invoke.DirectMethodHandle$Holder.invokeStatic(java.lang.Object, int, java.lang.Object)'> (0x00000000c5ed57a8) 
thrown [s\open\src\hotspot\share\interpreter\linkResolver.cpp, line 773]
Event: 37.731 Thread 0x0000025305a6ac50 Exception <a 'java/lang/NoSuchMethodError'{0x00000000c5b465f0}: 'java.lang.Object java.lang.invoke.DirectMethodHandle$Holder.newInvokeSpecial(java.lang.Object, int, java.lang.Object)'> (0x00000000c5b465f0) 
thrown [s\open\src\hotspot\share\interpreter\linkResolver.cpp, line 773]
Event: 37.941 Thread 0x0000025305a6ac50 Exception <a 'java/lang/NoSuchMethodError'{0x00000000c669ef00}: 'java.lang.Object java.lang.invoke.DirectMethodHandle$Holder.invokeSpecial(java.lang.Object, java.lang.Object, java.lang.Object, java.lang.Object, int)'> (0x00000000c669ef00) 
thrown [s\open\src\hotspot\share\interpreter\linkResolver.cpp, line 773]
Event: 37.942 Thread 0x0000025305a6ac50 Exception <a 'java/lang/NoSuchMethodError'{0x00000000c66a2398}: 'java.lang.Object java.lang.invoke.Invokers$Holder.linkToTargetMethod(java.lang.Object, java.lang.Object, int, java.lang.Object)'> (0x00000000c66a2398) 
thrown [s\open\src\hotspot\share\interpreter\linkResolver.cpp, line 773]
Event: 39.686 Thread 0x0000025305a6ac50 Implicit null exception at 0x00000252b4d9b744 to 0x00000252b4d9bfd0
Event: 51.839 Thread 0x0000025305a6ac50 Exception <a 'java/net/UnknownHostException'{0x00000000c47e0640}> (0x00000000c47e0640) 
thrown [s\open\src\hotspot\share\prims\jni.cpp, line 520]
Event: 51.926 Thread 0x0000025305a6ac50 Exception <a 'java/io/FileNotFoundException'{0x00000000c4577900}> (0x00000000c4577900) 
thrown [s\open\src\hotspot\share\prims\jni.cpp, line 520]
Event: 52.054 Thread 0x0000025305a6ac50 Exception <a 'java/lang/NoSuchMethodError'{0x00000000c69b0da0}: 'void java.lang.invoke.DirectMethodHandle$Holder.invokeSpecial(java.lang.Object, java.lang.Object, java.lang.Object, java.lang.Object, java.lang.Object, java.lang.Object)'> (0x00000000c69b0da0) 
thrown [s\open\src\hotspot\share\interpreter\linkResolver.cpp, line 773]
Event: 52.218 Thread 0x000002530596e030 Implicit null exception at 0x00000252b4ce425d to 0x00000252b4ce42ed
Event: 67.009 Thread 0x0000025305a6ac50 Implicit null exception at 0x00000252b4e10afa to 0x00000252b4e11220

ZGC Phase Switch (0 events):
No events

VM Operations (20 events):
Event: 58.250 Executing VM operation: Cleanup
Event: 58.251 Executing VM operation: Cleanup done
Event: 59.251 Executing VM operation: Cleanup
Event: 59.251 Executing VM operation: Cleanup done
Event: 60.098 Executing VM operation: HandshakeAllThreads (HandshakeForDeflation)
Event: 60.098 Executing VM operation: HandshakeAllThreads (HandshakeForDeflation) done
Event: 60.098 Executing VM operation: RendezvousGCThreads
Event: 60.098 Executing VM operation: RendezvousGCThreads done
Event: 61.099 Executing VM operation: Cleanup
Event: 61.099 Executing VM operation: Cleanup done
Event: 62.100 Executing VM operation: Cleanup
Event: 62.100 Executing VM operation: Cleanup done
Event: 63.100 Executing VM operation: Cleanup
Event: 63.100 Executing VM operation: Cleanup done
Event: 65.101 Executing VM operation: Cleanup
Event: 65.102 Executing VM operation: Cleanup done
Event: 66.102 Executing VM operation: Cleanup
Event: 66.102 Executing VM operation: Cleanup done
Event: 67.102 Executing VM operation: Cleanup
Event: 67.102 Executing VM operation: Cleanup done

Events (20 events):
Event: 0.087 Thread 0x00000252bfe8e5f0 Thread added: 0x00000252bfe8e5f0
Event: 0.179 Thread 0x00000252a33b2950 Thread added: 0x00000252a33b2950
Event: 0.999 Thread 0x00000253059f9bc0 Thread added: 0x00000253059f9bc0
Event: 0.999 Thread 0x00000253052cb160 Thread added: 0x00000253052cb160
Event: 1.869 Thread 0x000002530596e030 Thread added: 0x000002530596e030
Event: 2.073 Thread 0x00000253059d4280 Thread added: 0x00000253059d4280
Event: 2.080 Thread 0x0000025305a6ac50 Thread added: 0x0000025305a6ac50
Event: 2.254 Thread 0x0000025305bb48b0 Thread added: 0x0000025305bb48b0
Event: 2.273 Thread 0x0000025305bc0990 Thread added: 0x0000025305bc0990
Event: 3.316 Thread 0x000002530aeb9770 Thread added: 0x000002530aeb9770
Event: 5.233 Thread 0x000002530b39b740 Thread added: 0x000002530b39b740
Event: 6.941 Thread 0x000002530b39c460 Thread added: 0x000002530b39c460
Event: 33.319 Thread 0x000002530aeb9770 Thread exited: 0x000002530aeb9770
Event: 37.030 Thread 0x000002530b39b0b0 Thread added: 0x000002530b39b0b0
Event: 37.109 Thread 0x000002530b39aa20 Thread added: 0x000002530b39aa20
Event: 37.185 Thread 0x000002530b39aa20 Thread exited: 0x000002530b39aa20
Event: 37.673 Thread 0x000002530b39aa20 Thread added: 0x000002530b39aa20
Event: 67.031 Thread 0x000002530b39b0b0 Thread exited: 0x000002530b39b0b0
Event: 67.128 Thread 0x000002530b39d810 Thread added: 0x000002530b39d810
Event: 67.611 Thread 0x000002530b39bdd0 Thread added: 0x000002530b39bdd0


Dynamic libraries:
0x00007ff61e060000 - 0x00007ff61e070000 	C:\Program Files\Java\jdk-21\bin\java.exe
0x00007ffd43710000 - 0x00007ffd43927000 	C:\WINDOWS\SYSTEM32\ntdll.dll
0x00007ffd42270000 - 0x00007ffd42334000 	C:\WINDOWS\System32\KERNEL32.DLL
0x00007ffd409f0000 - 0x00007ffd40dc3000 	C:\WINDOWS\System32\KERNELBASE.dll
0x00007ffd40dd0000 - 0x00007ffd40ee1000 	C:\WINDOWS\System32\ucrtbase.dll
0x00007ffd36f20000 - 0x00007ffd36f3b000 	C:\Program Files\Java\jdk-21\bin\VCRUNTIME140.dll
0x00007ffd2abd0000 - 0x00007ffd2abe9000 	C:\Program Files\Java\jdk-21\bin\jli.dll
0x00007ffd43270000 - 0x00007ffd43321000 	C:\WINDOWS\System32\ADVAPI32.dll
0x00007ffd41e20000 - 0x00007ffd41ec7000 	C:\WINDOWS\System32\msvcrt.dll
0x00007ffd41860000 - 0x00007ffd41907000 	C:\WINDOWS\System32\sechost.dll
0x00007ffd41210000 - 0x00007ffd41238000 	C:\WINDOWS\System32\bcrypt.dll
0x00007ffd419c0000 - 0x00007ffd41ad4000 	C:\WINDOWS\System32\RPCRT4.dll
0x00007ffd42f10000 - 0x00007ffd430c1000 	C:\WINDOWS\System32\USER32.dll
0x00007ffd41240000 - 0x00007ffd41266000 	C:\WINDOWS\System32\win32u.dll
0x00007ffd2e340000 - 0x00007ffd2e5db000 	C:\WINDOWS\WinSxS\amd64_microsoft.windows.common-controls_6595b64144ccf1df_6.0.22621.5240_none_2710eadf7384a318\COMCTL32.dll
0x00007ffd41990000 - 0x00007ffd419b9000 	C:\WINDOWS\System32\GDI32.dll
0x00007ffd41270000 - 0x00007ffd41394000 	C:\WINDOWS\System32\gdi32full.dll
0x00007ffd410f0000 - 0x00007ffd4118a000 	C:\WINDOWS\System32\msvcp_win.dll
0x00007ffd34ce0000 - 0x00007ffd34cea000 	C:\WINDOWS\SYSTEM32\VERSION.dll
0x00007ffd423a0000 - 0x00007ffd423d1000 	C:\WINDOWS\System32\IMM32.DLL
0x00007ffd36f10000 - 0x00007ffd36f1c000 	C:\Program Files\Java\jdk-21\bin\vcruntime140_1.dll
0x00007ffd29950000 - 0x00007ffd299de000 	C:\Program Files\Java\jdk-21\bin\msvcp140.dll
0x00007ffce2ca0000 - 0x00007ffce39ba000 	C:\Program Files\Java\jdk-21\bin\server\jvm.dll
0x00007ffd41bf0000 - 0x00007ffd41c61000 	C:\WINDOWS\System32\WS2_32.dll
0x00007ffd406d0000 - 0x00007ffd4071d000 	C:\WINDOWS\SYSTEM32\POWRPROF.dll
0x00007ffd36f60000 - 0x00007ffd36f94000 	C:\WINDOWS\SYSTEM32\WINMM.dll
0x00007ffd406b0000 - 0x00007ffd406c3000 	C:\WINDOWS\SYSTEM32\UMPDC.dll
0x00007ffd3f800000 - 0x00007ffd3f818000 	C:\WINDOWS\SYSTEM32\kernel.appcore.dll
0x00007ffd2aa40000 - 0x00007ffd2aa4a000 	C:\Program Files\Java\jdk-21\bin\jimage.dll
0x00007ffd3e250000 - 0x00007ffd3e482000 	C:\WINDOWS\SYSTEM32\DBGHELP.DLL
0x00007ffd43330000 - 0x00007ffd436c3000 	C:\WINDOWS\System32\combase.dll
0x00007ffd42c90000 - 0x00007ffd42d67000 	C:\WINDOWS\System32\OLEAUT32.dll
0x00007ffd19920000 - 0x00007ffd19952000 	C:\WINDOWS\SYSTEM32\dbgcore.DLL
0x00007ffd40970000 - 0x00007ffd409eb000 	C:\WINDOWS\System32\bcryptPrimitives.dll
0x00007ffd2aa00000 - 0x00007ffd2aa0f000 	C:\Program Files\Java\jdk-21\bin\instrument.dll
0x00007ffd2aa20000 - 0x00007ffd2aa3f000 	C:\Program Files\Java\jdk-21\bin\java.dll
0x00007ffd423e0000 - 0x00007ffd42c82000 	C:\WINDOWS\System32\SHELL32.dll
0x00007ffd40fb0000 - 0x00007ffd410ef000 	C:\WINDOWS\System32\wintypes.dll
0x00007ffd3e6f0000 - 0x00007ffd3f00d000 	C:\WINDOWS\SYSTEM32\windows.storage.dll
0x00007ffd41ae0000 - 0x00007ffd41beb000 	C:\WINDOWS\System32\SHCORE.dll
0x00007ffd42200000 - 0x00007ffd42269000 	C:\WINDOWS\System32\shlwapi.dll
0x00007ffd40730000 - 0x00007ffd4075b000 	C:\WINDOWS\SYSTEM32\profapi.dll
0x00007ffd1a110000 - 0x00007ffd1a1e7000 	C:\Program Files\Java\jdk-21\bin\jsvml.dll
0x00007ffd2aa10000 - 0x00007ffd2aa20000 	C:\Program Files\Java\jdk-21\bin\net.dll
0x00007ffd344f0000 - 0x00007ffd3461c000 	C:\WINDOWS\SYSTEM32\WINHTTP.dll
0x00007ffd3fc70000 - 0x00007ffd3fcda000 	C:\WINDOWS\system32\mswsock.dll
0x00007ffd2a000000 - 0x00007ffd2a016000 	C:\Program Files\Java\jdk-21\bin\nio.dll
0x00007ffd29fe0000 - 0x00007ffd29ff8000 	C:\Program Files\Java\jdk-21\bin\zip.dll
0x00000252bff40000 - 0x00000252bff43000 	C:\Users\MINEDUCYT\.openjfx\cache\21.0.6+3\amd64\api-ms-win-core-console-l1-1-0.dll
0x00000252bff50000 - 0x00000252bff53000 	C:\Users\MINEDUCYT\.openjfx\cache\21.0.6+3\amd64\api-ms-win-core-console-l1-2-0.dll
0x00000252bff60000 - 0x00000252bff63000 	C:\Users\MINEDUCYT\.openjfx\cache\21.0.6+3\amd64\api-ms-win-core-datetime-l1-1-0.dll
0x00000252bff70000 - 0x00000252bff73000 	C:\Users\MINEDUCYT\.openjfx\cache\21.0.6+3\amd64\api-ms-win-core-debug-l1-1-0.dll
0x00000252bff80000 - 0x00000252bff83000 	C:\Users\MINEDUCYT\.openjfx\cache\21.0.6+3\amd64\api-ms-win-core-errorhandling-l1-1-0.dll
0x00000252bff90000 - 0x00000252bff94000 	C:\Users\MINEDUCYT\.openjfx\cache\21.0.6+3\amd64\api-ms-win-core-file-l1-1-0.dll
0x00000252bffa0000 - 0x00000252bffa3000 	C:\Users\MINEDUCYT\.openjfx\cache\21.0.6+3\amd64\api-ms-win-core-file-l1-2-0.dll
0x00000252bffb0000 - 0x00000252bffb3000 	C:\Users\MINEDUCYT\.openjfx\cache\21.0.6+3\amd64\api-ms-win-core-file-l2-1-0.dll
0x00000252bffc0000 - 0x00000252bffc3000 	C:\Users\MINEDUCYT\.openjfx\cache\21.0.6+3\amd64\api-ms-win-core-handle-l1-1-0.dll
0x00000252bffd0000 - 0x00000252bffd3000 	C:\Users\MINEDUCYT\.openjfx\cache\21.0.6+3\amd64\api-ms-win-core-heap-l1-1-0.dll
0x00000252bffe0000 - 0x00000252bffe3000 	C:\Users\MINEDUCYT\.openjfx\cache\21.0.6+3\amd64\api-ms-win-core-interlocked-l1-1-0.dll
0x00000252bfff0000 - 0x00000252bfff3000 	C:\Users\MINEDUCYT\.openjfx\cache\21.0.6+3\amd64\api-ms-win-core-libraryloader-l1-1-0.dll
0x0000025305d30000 - 0x0000025305d33000 	C:\Users\MINEDUCYT\.openjfx\cache\21.0.6+3\amd64\api-ms-win-core-localization-l1-2-0.dll
0x0000025305d40000 - 0x0000025305d43000 	C:\Users\MINEDUCYT\.openjfx\cache\21.0.6+3\amd64\api-ms-win-core-memory-l1-1-0.dll
0x0000025305d50000 - 0x0000025305d53000 	C:\Users\MINEDUCYT\.openjfx\cache\21.0.6+3\amd64\api-ms-win-core-namedpipe-l1-1-0.dll
0x0000025305d60000 - 0x0000025305d63000 	C:\Users\MINEDUCYT\.openjfx\cache\21.0.6+3\amd64\api-ms-win-core-processenvironment-l1-1-0.dll
0x0000025305d70000 - 0x0000025305d73000 	C:\Users\MINEDUCYT\.openjfx\cache\21.0.6+3\amd64\api-ms-win-core-processthreads-l1-1-0.dll
0x0000025305d80000 - 0x0000025305d83000 	C:\Users\MINEDUCYT\.openjfx\cache\21.0.6+3\amd64\api-ms-win-core-processthreads-l1-1-1.dll
0x0000025305d90000 - 0x0000025305d93000 	C:\Users\MINEDUCYT\.openjfx\cache\21.0.6+3\amd64\api-ms-win-core-profile-l1-1-0.dll
0x0000025305da0000 - 0x0000025305da3000 	C:\Users\MINEDUCYT\.openjfx\cache\21.0.6+3\amd64\api-ms-win-core-rtlsupport-l1-1-0.dll
0x0000025305db0000 - 0x0000025305db3000 	C:\Users\MINEDUCYT\.openjfx\cache\21.0.6+3\amd64\api-ms-win-core-string-l1-1-0.dll
0x0000025305dc0000 - 0x0000025305dc3000 	C:\Users\MINEDUCYT\.openjfx\cache\21.0.6+3\amd64\api-ms-win-core-synch-l1-1-0.dll
0x0000025305dd0000 - 0x0000025305dd3000 	C:\Users\MINEDUCYT\.openjfx\cache\21.0.6+3\amd64\api-ms-win-core-synch-l1-2-0.dll
0x0000025305de0000 - 0x0000025305de3000 	C:\Users\MINEDUCYT\.openjfx\cache\21.0.6+3\amd64\api-ms-win-core-sysinfo-l1-1-0.dll
0x0000025305df0000 - 0x0000025305df3000 	C:\Users\MINEDUCYT\.openjfx\cache\21.0.6+3\amd64\api-ms-win-core-timezone-l1-1-0.dll
0x0000025305e00000 - 0x0000025305e03000 	C:\Users\MINEDUCYT\.openjfx\cache\21.0.6+3\amd64\api-ms-win-core-util-l1-1-0.dll
0x0000025305e10000 - 0x0000025305e13000 	C:\Users\MINEDUCYT\.openjfx\cache\21.0.6+3\amd64\api-ms-win-crt-conio-l1-1-0.dll
0x0000025305e20000 - 0x0000025305e24000 	C:\Users\MINEDUCYT\.openjfx\cache\21.0.6+3\amd64\api-ms-win-crt-convert-l1-1-0.dll
0x0000025305e30000 - 0x0000025305e33000 	C:\Users\MINEDUCYT\.openjfx\cache\21.0.6+3\amd64\api-ms-win-crt-environment-l1-1-0.dll
0x0000025305e40000 - 0x0000025305e43000 	C:\Users\MINEDUCYT\.openjfx\cache\21.0.6+3\amd64\api-ms-win-crt-filesystem-l1-1-0.dll
0x0000025305e50000 - 0x0000025305e53000 	C:\Users\MINEDUCYT\.openjfx\cache\21.0.6+3\amd64\api-ms-win-crt-heap-l1-1-0.dll
0x0000025305e60000 - 0x0000025305e63000 	C:\Users\MINEDUCYT\.openjfx\cache\21.0.6+3\amd64\api-ms-win-crt-locale-l1-1-0.dll
0x0000025305e70000 - 0x0000025305e75000 	C:\Users\MINEDUCYT\.openjfx\cache\21.0.6+3\amd64\api-ms-win-crt-math-l1-1-0.dll
0x0000025305e80000 - 0x0000025305e85000 	C:\Users\MINEDUCYT\.openjfx\cache\21.0.6+3\amd64\api-ms-win-crt-multibyte-l1-1-0.dll
0x0000025305e90000 - 0x0000025305ea0000 	C:\Users\MINEDUCYT\.openjfx\cache\21.0.6+3\amd64\api-ms-win-crt-private-l1-1-0.dll
0x0000025305ea0000 - 0x0000025305ea3000 	C:\Users\MINEDUCYT\.openjfx\cache\21.0.6+3\amd64\api-ms-win-crt-process-l1-1-0.dll
0x0000025305eb0000 - 0x0000025305eb4000 	C:\Users\MINEDUCYT\.openjfx\cache\21.0.6+3\amd64\api-ms-win-crt-runtime-l1-1-0.dll
0x0000025305ec0000 - 0x0000025305ec4000 	C:\Users\MINEDUCYT\.openjfx\cache\21.0.6+3\amd64\api-ms-win-crt-stdio-l1-1-0.dll
0x0000025305ed0000 - 0x0000025305ed4000 	C:\Users\MINEDUCYT\.openjfx\cache\21.0.6+3\amd64\api-ms-win-crt-string-l1-1-0.dll
0x0000025305ee0000 - 0x0000025305ee3000 	C:\Users\MINEDUCYT\.openjfx\cache\21.0.6+3\amd64\api-ms-win-crt-time-l1-1-0.dll
0x0000025305ef0000 - 0x0000025305ef3000 	C:\Users\MINEDUCYT\.openjfx\cache\21.0.6+3\amd64\api-ms-win-crt-utility-l1-1-0.dll
0x00007ffd1a010000 - 0x00007ffd1a10c000 	C:\Users\MINEDUCYT\.openjfx\cache\21.0.6+3\amd64\ucrtbase.dll
0x00007ffd29f20000 - 0x00007ffd29f3b000 	C:\Users\MINEDUCYT\.openjfx\cache\21.0.6+3\amd64\vcruntime140.dll
0x00007ffd29ee0000 - 0x00007ffd29eec000 	C:\Users\MINEDUCYT\.openjfx\cache\21.0.6+3\amd64\vcruntime140_1.dll
0x00007ffcef1f0000 - 0x00007ffcef27e000 	C:\Users\MINEDUCYT\.openjfx\cache\21.0.6+3\amd64\msvcp140.dll
0x00007ffd29cb0000 - 0x00007ffd29cb9000 	C:\Users\MINEDUCYT\.openjfx\cache\21.0.6+3\amd64\msvcp140_1.dll
0x00007ffd298a0000 - 0x00007ffd298e1000 	C:\Users\MINEDUCYT\.openjfx\cache\21.0.6+3\amd64\msvcp140_2.dll
0x00007ffd297d0000 - 0x00007ffd29800000 	C:\Users\MINEDUCYT\.openjfx\cache\21.0.6+3\amd64\prism_d3d.dll
0x00007ffcee830000 - 0x00007ffcee9d8000 	C:\WINDOWS\system32\d3d9.dll
0x00007ffd3dc90000 - 0x00007ffd3dcbe000 	C:\WINDOWS\SYSTEM32\dwmapi.dll
0x00007ffd3db40000 - 0x00007ffd3db77000 	C:\WINDOWS\SYSTEM32\dxcore.dll
0x00007ffd3d980000 - 0x00007ffd3da34000 	C:\WINDOWS\system32\uxtheme.dll
0x00007ffce7400000 - 0x00007ffce75ad000 	C:\WINDOWS\System32\DriverStore\FileRepository\37_dell_corp_mobile_glk_iigd_dch.inf_amd64_2cb3bfcbdd8c3ed0\igdumdim64.dll
0x00007ffd41c70000 - 0x00007ffd41e11000 	C:\WINDOWS\System32\ole32.dll
0x00007ffcbacb0000 - 0x00007ffcbdd54000 	C:\WINDOWS\System32\DriverStore\FileRepository\37_dell_corp_mobile_glk_iigd_dch.inf_amd64_2cb3bfcbdd8c3ed0\igd9dxva64.dll
0x00007ffd413e0000 - 0x00007ffd41854000 	C:\WINDOWS\System32\SETUPAPI.dll
0x00007ffd40400000 - 0x00007ffd4044e000 	C:\WINDOWS\SYSTEM32\cfgmgr32.dll
0x00007ffd33850000 - 0x00007ffd33c59000 	C:\WINDOWS\System32\DriverStore\FileRepository\37_dell_corp_mobile_glk_iigd_dch.inf_amd64_2cb3bfcbdd8c3ed0\igdgmm64.dll
0x00007ffd39910000 - 0x00007ffd3995a000 	C:\WINDOWS\SYSTEM32\directxdatabasehelper.dll
0x00007ffd19fc0000 - 0x00007ffd1a002000 	C:\Users\MINEDUCYT\.openjfx\cache\21.0.6+3\amd64\glass.dll
0x00007ffd42e00000 - 0x00007ffd42f04000 	C:\WINDOWS\System32\COMDLG32.dll
0x00007ffd41ed0000 - 0x00007ffd42030000 	C:\WINDOWS\System32\MSCTF.dll
0x00007ffcef8c0000 - 0x00007ffcef8e7000 	C:\WINDOWS\System32\DriverStore\FileRepository\37_dell_corp_mobile_glk_iigd_dch.inf_amd64_2cb3bfcbdd8c3ed0\igdinfo64.dll
0x00007ffd2fe90000 - 0x00007ffd33626000 	C:\WINDOWS\System32\DriverStore\FileRepository\37_dell_corp_mobile_glk_iigd_dch.inf_amd64_2cb3bfcbdd8c3ed0\igc64.dll
0x00007ffd3f2e0000 - 0x00007ffd3f3d8000 	C:\WINDOWS\SYSTEM32\DNSAPI.dll
0x00007ffd3f2b0000 - 0x00007ffd3f2dd000 	C:\WINDOWS\SYSTEM32\IPHLPAPI.DLL
0x00007ffd413d0000 - 0x00007ffd413d9000 	C:\WINDOWS\System32\NSI.dll
0x00007ffd29770000 - 0x00007ffd2977a000 	C:\Windows\System32\rasadhlp.dll
0x00007ffd2e970000 - 0x00007ffd2e9f3000 	C:\WINDOWS\System32\fwpuclnt.dll
0x00007ffd297c0000 - 0x00007ffd297ca000 	C:\Program Files\Java\jdk-21\bin\management.dll
0x00007ffd297b0000 - 0x00007ffd297bb000 	C:\Program Files\Java\jdk-21\bin\management_ext.dll
0x00007ffd41910000 - 0x00007ffd41918000 	C:\WINDOWS\System32\PSAPI.DLL
0x00007ffd3ffc0000 - 0x00007ffd3ffdb000 	C:\WINDOWS\SYSTEM32\CRYPTSP.dll
0x00007ffd3f760000 - 0x00007ffd3f797000 	C:\WINDOWS\system32\rsaenh.dll
0x00007ffd3fd10000 - 0x00007ffd3fd38000 	C:\WINDOWS\SYSTEM32\USERENV.dll
0x00007ffd3ffa0000 - 0x00007ffd3ffac000 	C:\WINDOWS\SYSTEM32\CRYPTBASE.dll
0x00007ffd22fa0000 - 0x00007ffd22fb5000 	C:\Users\MINEDUCYT\.openjfx\cache\21.0.6+3\amd64\javafx_font.dll
0x00007ffd3ae90000 - 0x00007ffd3b108000 	C:\WINDOWS\SYSTEM32\dwrite.dll
0x00007ffd430d0000 - 0x00007ffd43180000 	C:\WINDOWS\System32\clbcatq.dll
0x00007ffd3d4e0000 - 0x00007ffd3d690000 	C:\WINDOWS\SYSTEM32\WindowsCodecs.dll

dbghelp: loaded successfully - version: 4.0.5 - missing functions: none
symbol engine: initialized successfully - sym options: 0x614 - pdb path: .;C:\Program Files\Java\jdk-21\bin;C:\WINDOWS\SYSTEM32;C:\WINDOWS\WinSxS\amd64_microsoft.windows.common-controls_6595b64144ccf1df_6.0.22621.5240_none_2710eadf7384a318;C:\Program Files\Java\jdk-21\bin\server;C:\Users\MINEDUCYT\.openjfx\cache\21.0.6+3\amd64;C:\WINDOWS\System32\DriverStore\FileRepository\37_dell_corp_mobile_glk_iigd_dch.inf_amd64_2cb3bfcbdd8c3ed0;C:\Program Files\Common Files\Microsoft Shared\Ink

VM Arguments:
jvm_args: -javaagent:C:\Program Files\JetBrains\IntelliJ IDEA Community Edition 2025.2.3\lib\idea_rt.jar=59440 -Dfile.encoding=UTF-8 -Dsun.stdout.encoding=UTF-8 -Dsun.stderr.encoding=UTF-8 --module-path=C:\Users\MINEDUCYT\Downloads\Sistema_RentaCar\target\classes;C:\Users\MINEDUCYT\.m2\repository\org\openjfx\javafx-fxml\21.0.6\javafx-fxml-21.0.6-win.jar;C:\Users\MINEDUCYT\.m2\repository\org\openjfx\javafx-graphics\21.0.6\javafx-graphics-21.0.6-win.jar;C:\Users\MINEDUCYT\.m2\repository\org\openjfx\javafx-controls\21.0.6\javafx-controls-21.0.6-win.jar;C:\Users\MINEDUCYT\.m2\repository\org\openjfx\javafx-base\21.0.6\javafx-base-21.0.6-win.jar;C:\Users\MINEDUCYT\.m2\repository\com\sun\mail\javax.mail\1.6.2\javax.mail-1.6.2.jar;C:\Users\MINEDUCYT\.m2\repository\org\mindrot\jbcrypt\0.4\jbcrypt-0.4.jar -Djdk.module.main=com.example.sistema_rentacar 
java_command: com.example.sistema_rentacar/com.example.sistema_rentacar.MainApplication
java_class_path (initial): C:\Users\MINEDUCYT\.m2\repository\javax\activation\activation\1.1.1\activation-1.1.1.jar;C:\Users\MINEDUCYT\.m2\repository\org\postgresql\postgresql\42.7.4\postgresql-42.7.4.jar;C:\Users\MINEDUCYT\.m2\repository\org\openjfx\javafx-controls\21.0.6\javafx-controls-21.0.6.jar;C:\Users\MINEDUCYT\.m2\repository\org\openjfx\javafx-fxml\21.0.6\javafx-fxml-21.0.6.jar;C:\Users\MINEDUCYT\.m2\repository\org\checkerframework\checker-qual\3.42.0\checker-qual-3.42.0.jar;C:\Users\MINEDUCYT\.m2\repository\org\openjfx\javafx-graphics\21.0.6\javafx-graphics-21.0.6.jar;C:\Users\MINEDUCYT\.m2\repository\org\openjfx\javafx-base\21.0.6\javafx-base-21.0.6.jar
Launcher Type: SUN_STANDARD

[Global flags]
     intx CICompilerCount                          = 3                                         {product} {ergonomic}
     uint ConcGCThreads                            = 1                                         {product} {ergonomic}
     uint G1ConcRefinementThreads                  = 4                                         {product} {ergonomic}
   size_t G1HeapRegionSize                         = 1048576                                   {product} {ergonomic}
    uintx GCDrainStackTargetSize                   = 64                                        {product} {ergonomic}
   size_t InitialHeapSize                          = 65011712                                  {product} {ergonomic}
   size_t MarkStackSize                            = 4194304                                   {product} {ergonomic}
   size_t MaxHeapSize                              = 1027604480                                {product} {ergonomic}
   size_t MaxNewSize                               = 616562688                                 {product} {ergonomic}
   size_t MinHeapDeltaBytes                        = 1048576                                   {product} {ergonomic}
   size_t MinHeapSize                              = 8388608                                   {product} {ergonomic}
    uintx NonNMethodCodeHeapSize                   = 5832780                                {pd product} {ergonomic}
    uintx NonProfiledCodeHeapSize                  = 122912730                              {pd product} {ergonomic}
    uintx ProfiledCodeHeapSize                     = 122912730                              {pd product} {ergonomic}
    uintx ReservedCodeCacheSize                    = 251658240                              {pd product} {ergonomic}
     bool SegmentedCodeCache                       = true                                      {product} {ergonomic}
   size_t SoftMaxHeapSize                          = 1027604480                             {manageable} {ergonomic}
     bool UseCompressedOops                        = true                           {product lp64_product} {ergonomic}
     bool UseG1GC                                  = true                                      {product} {ergonomic}
     bool UseLargePagesIndividualAllocation        = false                                  {pd product} {ergonomic}

Logging:
Log output configuration:
 #0: stdout all=warning uptime,level,tags foldmultilines=false
 #1: stderr all=off uptime,level,tags foldmultilines=false

Environment Variables:
JAVA_HOME=C:\Program Files\Java\jdk-21
PATH=C:\Program Files\Common Files\Oracle\Java\javapath;C:\WINDOWS\system32;C:\WINDOWS;C:\WINDOWS\System32\Wbem;C:\WINDOWS\System32\WindowsPowerShell\v1.0\;C:\WINDOWS\System32\OpenSSH\;C:\Program Files\dotnet\;C:\Program Files (x86)\dotnet\;C:\Program Files\Microsoft SQL Server\150\Tools\Binn\;C:\Program Files\Java\javafx-sdk-25;C:\Program Files\Docker\Docker\resources\bin;C:\Program Files\Microsoft SQL Server\Client SDK\ODBC\170\Tools\Binn\;C:\Program Files (x86)\Microsoft SQL Server\170\Tools\Binn\;C:\Program Files\Microsoft SQL Server\170\Tools\Binn\;C:\Program Files\Microsoft SQL Server\Client SDK\ODBC\180\Tools\Binn\;C:\Program Files\Microsoft SQL Server\170\DTS\Binn\;C:\Users\MINEDUCYT\AppData\Local\Microsoft\WindowsApps;C:\Users\MINEDUCYT\.dotnet\tools;C:\Users\MINEDUCYT\AppData\Local\Microsoft\WindowsApps;C:\Users\MINEDUCYT\AppData\Local\Programs\Microsoft VS Code\bin
USERNAME=MINEDUCYT
OS=Windows_NT
PROCESSOR_IDENTIFIER=Intel64 Family 6 Model 122 Stepping 8, GenuineIntel
TMP=C:\Users\MINEDU~1\AppData\Local\Temp
TEMP=C:\Users\MINEDU~1\AppData\Local\Temp




Periodic native trim disabled

---------------  S Y S T E M  ---------------

OS:
 Windows 11 , 64 bit Build 22621 (10.0.22621.5305)
OS uptime: 0 days 5:30 hours
Hyper-V role detected

CPU: total 4 (initial active 4) (4 cores per cpu, 1 threads per core) family 6 model 122 stepping 8 microcode 0x26, cx8, cmov, fxsr, mmx, 3dnowpref, sse, sse2, sse3, ssse3, sse4.1, sse4.2, popcnt, tsc, tscinvbit, aes, erms, clmul, sha, clflush, clflushopt, hv, rdtscp, rdpid
Processor Information for all 4 processors :
  Max Mhz: 1101, Current Mhz: 1101, Mhz Limit: 1101

Memory: 4k page, system-wide physical 3916M (301M free)
TotalPageFile size 9236M (AvailPageFile size 7M)
current process WorkingSet (physical memory assigned to process): 247M, peak: 266M
current process commit charge ("private bytes"): 286M, peak: 288M

vm_info: Java HotSpot(TM) 64-Bit Server VM (21.0.7+8-LTS-245) for windows-amd64 JRE (21.0.7+8-LTS-245), built on 2025-02-21T05:11:27Z by "mach5one" with MS VC++ 17.6 (VS2022)

END.
